<?xml version="1.0" encoding="UTF-8" ?>
<testsuite tests="6" failures="0" name="de.htw.ai.kbe.s0555134.PropsFileUtil.AppTest" time="0.009" errors="0" skipped="0">
  <properties>
[...]
</properties>
  <testcase classname="de.htw.ai.kbe.s0555134.PropsFileUtil.AppTest" name="loadPropertiesFileNotPropertieFileWithoutEndingPropertiesShouldReturnNull" time="0.005"/>
  <testcase classname="de.htw.ai.kbe.s0555134.PropsFileUtil.AppTest" name="loadPropertiesFileNotPropertieFileWithEndingPropertiesShouldReturnNull" time="0"/>
  <testcase classname="de.htw.ai.kbe.s0555134.PropsFileUtil.AppTest" name="loadPropertiesFileWithoutExistPathShouldReturnNull" time="0.001"/>
  <testcase classname="de.htw.ai.kbe.s0555134.PropsFileUtil.AppTest" name="loadPropertiesFileWithFileReturnProperties" time="0.001"/>
  <testcase classname="de.htw.ai.kbe.s0555134.PropsFileUtil.AppTest" name="loadPropertiesFileReturnProperties" time="0.001"/>
  <testcase classname="de.htw.ai.kbe.s0555134.PropsFileUtil.AppTest" name="loadPropertiesFileWhichIsEmptyShouldReturnNull" time="0.001"/>
</testsuite>